# JRE version: OpenJDK Runtime Environment (8.0_152-b01) (build 1.8.0_152-release-1248-b01)
# Java VM: OpenJDK 64-Bit Server VM (25.152-b01 mixed mode windows-amd64 compressed oops)
Heap:
 PSYoungGen      total 352768K, used 140614K [0x00000000e0000000, 0x00000000fd180000, 0x0000000100000000)
  eden space 311808K, 31% used [0x00000000e0000000,0x00000000e61581f0,0x00000000f3080000)
  from space 40960K, 99% used [0x00000000f3080000,0x00000000f5879868,0x00000000f5880000)
  to   space 64512K, 0% used [0x00000000f9280000,0x00000000f9280000,0x00000000fd180000)
 ParOldGen       total 208384K, used 100783K [0x00000000a0000000, 0x00000000acb80000, 0x00000000e0000000)
  object space 208384K, 48% used [0x00000000a0000000,0x00000000a626be28,0x00000000acb80000)
 Metaspace       used 99226K, capacity 104120K, committed 104360K, reserved 1140736K
  class space    used 12413K, capacity 13393K, committed 13488K, reserved 1048576K
GC Heap History (10 events):
Event: 7341.296 GC heap before
{Heap before GC invocations=33 (full 4):
 PSYoungGen      total 306688K, used 295224K [0x00000000e0000000, 0x00000000f4500000, 0x0000000100000000)
  eden space 287744K, 99% used [0x00000000e0000000,0x00000000f18faa90,0x00000000f1900000)
  from space 18944K, 39% used [0x00000000f3280000,0x00000000f39d37c0,0x00000000f4500000)
  to   space 22528K, 0% used [0x00000000f1900000,0x00000000f1900000,0x00000000f2f00000)
 ParOldGen       total 208384K, used 45174K [0x00000000a0000000, 0x00000000acb80000, 0x00000000e0000000)
  object space 208384K, 21% used [0x00000000a0000000,0x00000000a2c1daf0,0x00000000acb80000)
 Metaspace       used 98097K, capacity 102838K, committed 102952K, reserved 1138688K
  class space    used 12341K, capacity 13286K, committed 13360K, reserved 1048576K
Event: 7341.350 GC heap after
Heap after GC invocations=33 (full 4):
 PSYoungGen      total 310272K, used 22496K [0x00000000e0000000, 0x00000000f5a00000, 0x0000000100000000)
  eden space 287744K, 0% used [0x00000000e0000000,0x00000000e0000000,0x00000000f1900000)
  from space 22528K, 99% used [0x00000000f1900000,0x00000000f2ef8300,0x00000000f2f00000)
  to   space 28160K, 0% used [0x00000000f3e80000,0x00000000f3e80000,0x00000000f5a00000)
 ParOldGen       total 208384K, used 51265K [0x00000000a0000000, 0x00000000acb80000, 0x00000000e0000000)
  object space 208384K, 24% used [0x00000000a0000000,0x00000000a3210748,0x00000000acb80000)
 Metaspace       used 98097K, capacity 102838K, committed 102952K, reserved 1138688K
  class space    used 12341K, capacity 13286K, committed 13360K, reserved 1048576K
}
Event: 7350.960 GC heap before
{Heap before GC invocations=34 (full 4):
 PSYoungGen      total 310272K, used 309876K [0x00000000e0000000, 0x00000000f5a00000, 0x0000000100000000)
  eden space 287744K, 99% used [0x00000000e0000000,0x00000000f18a5050,0x00000000f1900000)
  from space 22528K, 99% used [0x00000000f1900000,0x00000000f2ef8300,0x00000000f2f00000)
  to   space 28160K, 0% used [0x00000000f3e80000,0x00000000f3e80000,0x00000000f5a00000)
 ParOldGen       total 208384K, used 51265K [0x00000000a0000000, 0x00000000acb80000, 0x00000000e0000000)
  object space 208384K, 24% used [0x00000000a0000000,0x00000000a3210748,0x00000000acb80000)
 Metaspace       used 98286K, capacity 103038K, committed 103208K, reserved 1138688K
  class space    used 12343K, capacity 13286K, committed 13360K, reserved 1048576K
Event: 7351.015 GC heap after
Heap after GC invocations=34 (full 4):
 PSYoungGen      total 321024K, used 28149K [0x00000000e0000000, 0x00000000f6700000, 0x0000000100000000)
  eden space 292864K, 0% used [0x00000000e0000000,0x00000000e0000000,0x00000000f1e00000)
  from space 28160K, 99% used [0x00000000f3e80000,0x00000000f59fd508,0x00000000f5a00000)
  to   space 33280K, 0% used [0x00000000f1e00000,0x00000000f1e00000,0x00000000f3e80000)
 ParOldGen       total 208384K, used 54476K [0x00000000a0000000, 0x00000000acb80000, 0x00000000e0000000)
  object space 208384K, 26% used [0x00000000a0000000,0x00000000a35333b8,0x00000000acb80000)
 Metaspace       used 98286K, capacity 103038K, committed 103208K, reserved 1138688K
  class space    used 12343K, capacity 13286K, committed 13360K, reserved 1048576K
}
Event: 7352.498 GC heap before
{Heap before GC invocations=35 (full 4):
 PSYoungGen      total 321024K, used 321013K [0x00000000e0000000, 0x00000000f6700000, 0x0000000100000000)
  eden space 292864K, 100% used [0x00000000e0000000,0x00000000f1e00000,0x00000000f1e00000)
  from space 28160K, 99% used [0x00000000f3e80000,0x00000000f59fd508,0x00000000f5a00000)
  to   space 33280K, 0% used [0x00000000f1e00000,0x00000000f1e00000,0x00000000f3e80000)
 ParOldGen       total 208384K, used 54476K [0x00000000a0000000, 0x00000000acb80000, 0x00000000e0000000)
  object space 208384K, 26% used [0x00000000a0000000,0x00000000a35333b8,0x00000000acb80000)
 Metaspace       used 98478K, capacity 103310K, committed 103464K, reserved 1138688K
  class space    used 12375K, capacity 13340K, committed 13360K, reserved 1048576K
Event: 7352.524 GC heap after
Heap after GC invocations=35 (full 4):
 PSYoungGen      total 326144K, used 26387K [0x00000000e0000000, 0x00000000f7b80000, 0x0000000100000000)
  eden space 292864K, 0% used [0x00000000e0000000,0x00000000e0000000,0x00000000f1e00000)
  from space 33280K, 79% used [0x00000000f1e00000,0x00000000f37c4d08,0x00000000f3e80000)
  to   space 35840K, 0% used [0x00000000f5880000,0x00000000f5880000,0x00000000f7b80000)
 ParOldGen       total 208384K, used 54484K [0x00000000a0000000, 0x00000000acb80000, 0x00000000e0000000)
  object space 208384K, 26% used [0x00000000a0000000,0x00000000a35353b8,0x00000000acb80000)
 Metaspace       used 98478K, capacity 103310K, committed 103464K, reserved 1138688K
  class space    used 12375K, capacity 13340K, committed 13360K, reserved 1048576K
}
Event: 7356.770 GC heap before
{Heap before GC invocations=36 (full 4):
 PSYoungGen      total 326144K, used 319024K [0x00000000e0000000, 0x00000000f7b80000, 0x0000000100000000)
  eden space 292864K, 99% used [0x00000000e0000000,0x00000000f1dc74d8,0x00000000f1e00000)
  from space 33280K, 79% used [0x00000000f1e00000,0x00000000f37c4d08,0x00000000f3e80000)
  to   space 35840K, 0% used [0x00000000f5880000,0x00000000f5880000,0x00000000f7b80000)
 ParOldGen       total 208384K, used 54484K [0x00000000a0000000, 0x00000000acb80000, 0x00000000e0000000)
  object space 208384K, 26% used [0x00000000a0000000,0x00000000a35353b8,0x00000000acb80000)
 Metaspace       used 98877K, capacity 103700K, committed 103720K, reserved 1140736K
  class space    used 12401K, capacity 13359K, committed 13360K, reserved 1048576K
Event: 7356.813 GC heap after
Heap after GC invocations=36 (full 4):
 PSYoungGen      total 347648K, used 35828K [0x00000000e0000000, 0x00000000f8780000, 0x0000000100000000)
  eden space 311808K, 0% used [0x00000000e0000000,0x00000000e0000000,0x00000000f3080000)
  from space 35840K, 99% used [0x00000000f5880000,0x00000000f7b7d180,0x00000000f7b80000)
  to   space 40960K, 0% used [0x00000000f3080000,0x00000000f3080000,0x00000000f5880000)
 ParOldGen       total 208384K, used 54852K [0x00000000a0000000, 0x00000000acb80000, 0x00000000e0000000)
  object space 208384K, 26% used [0x00000000a0000000,0x00000000a3591200,0x00000000acb80000)
 Metaspace       used 98877K, capacity 103700K, committed 103720K, reserved 1140736K
  class space    used 12401K, capacity 13359K, committed 13360K, reserved 1048576K
}
Event: 7361.165 GC heap before
{Heap before GC invocations=37 (full 4):
 PSYoungGen      total 347648K, used 347636K [0x00000000e0000000, 0x00000000f8780000, 0x0000000100000000)
  eden space 311808K, 100% used [0x00000000e0000000,0x00000000f3080000,0x00000000f3080000)
  from space 35840K, 99% used [0x00000000f5880000,0x00000000f7b7d180,0x00000000f7b80000)
  to   space 40960K, 0% used [0x00000000f3080000,0x00000000f3080000,0x00000000f5880000)
 ParOldGen       total 208384K, used 54852K [0x00000000a0000000, 0x00000000acb80000, 0x00000000e0000000)
  object space 208384K, 26% used [0x00000000a0000000,0x00000000a3591200,0x00000000acb80000)
 Metaspace       used 99184K, capacity 104120K, committed 104360K, reserved 1140736K
  class space    used 12413K, capacity 13393K, committed 13488K, reserved 1048576K
Event: 7361.333 GC heap after
Heap after GC invocations=37 (full 4):
 PSYoungGen      total 352768K, used 40934K [0x00000000e0000000, 0x00000000fd180000, 0x0000000100000000)
  eden space 311808K, 0% used [0x00000000e0000000,0x00000000e0000000,0x00000000f3080000)
  from space 40960K, 99% used [0x00000000f3080000,0x00000000f5879868,0x00000000f5880000)
  to   space 64512K, 0% used [0x00000000f9280000,0x00000000f9280000,0x00000000fd180000)
 ParOldGen       total 208384K, used 100783K [0x00000000a0000000, 0x00000000acb80000, 0x00000000e0000000)
  object space 208384K, 48% used [0x00000000a0000000,0x00000000a626be28,0x00000000acb80000)
 Metaspace       used 99184K, capacity 104120K, committed 104360K, reserved 1140736K
  class space    used 12413K, capacity 13393K, committed 13488K, reserved 1048576K
}

