# JRE version: OpenJDK Runtime Environment (8.0_152-b01) (build 1.8.0_152-release-1248-b01)
# Java VM: OpenJDK 64-Bit Server VM (25.152-b01 mixed mode windows-amd64 compressed oops)
Heap:
 PSYoungGen      total 151040K, used 37391K [0x00000000e0000000, 0x00000000ead80000, 0x0000000100000000)
  eden space 134656K, 15% used [0x00000000e0000000,0x00000000e14a1ec8,0x00000000e8380000)
  from space 16384K, 99% used [0x00000000e8700000,0x00000000e96e2098,0x00000000e9700000)
  to   space 21504K, 0% used [0x00000000e9880000,0x00000000e9880000,0x00000000ead80000)
 ParOldGen       total 94208K, used 35355K [0x00000000a0000000, 0x00000000a5c00000, 0x00000000e0000000)
  object space 94208K, 37% used [0x00000000a0000000,0x00000000a2286c38,0x00000000a5c00000)
 Metaspace       used 71870K, capacity 74198K, committed 74368K, reserved 1114112K
  class space    used 9497K, capacity 10102K, committed 10112K, reserved 1048576K
GC Heap History (10 events):
Event: 10.566 GC heap before
{Heap before GC invocations=14 (full 2):
 PSYoungGen      total 115200K, used 115179K [0x00000000e0000000, 0x00000000e9700000, 0x0000000100000000)
  eden space 101376K, 100% used [0x00000000e0000000,0x00000000e6300000,0x00000000e6300000)
  from space 13824K, 99% used [0x00000000e6300000,0x00000000e707adb8,0x00000000e7080000)
  to   space 16384K, 0% used [0x00000000e8700000,0x00000000e8700000,0x00000000e9700000)
 ParOldGen       total 94208K, used 18555K [0x00000000a0000000, 0x00000000a5c00000, 0x00000000e0000000)
  object space 94208K, 19% used [0x00000000a0000000,0x00000000a121ee98,0x00000000a5c00000)
 Metaspace       used 54823K, capacity 56018K, committed 56192K, reserved 1097728K
  class space    used 7442K, capacity 7785K, committed 7808K, reserved 1048576K
Event: 10.591 GC heap after
Heap after GC invocations=14 (full 2):
 PSYoungGen      total 134144K, used 16352K [0x00000000e0000000, 0x00000000ea580000, 0x0000000100000000)
  eden space 117760K, 0% used [0x00000000e0000000,0x00000000e0000000,0x00000000e7300000)
  from space 16384K, 99% used [0x00000000e8700000,0x00000000e96f8088,0x00000000e9700000)
  to   space 20480K, 0% used [0x00000000e7300000,0x00000000e7300000,0x00000000e8700000)
 ParOldGen       total 94208K, used 24912K [0x00000000a0000000, 0x00000000a5c00000, 0x00000000e0000000)
  object space 94208K, 26% used [0x00000000a0000000,0x00000000a1854028,0x00000000a5c00000)
 Metaspace       used 54823K, capacity 56018K, committed 56192K, reserved 1097728K
  class space    used 7442K, capacity 7785K, committed 7808K, reserved 1048576K
}
Event: 13.372 GC heap before
{Heap before GC invocations=15 (full 2):
 PSYoungGen      total 134144K, used 65518K [0x00000000e0000000, 0x00000000ea580000, 0x0000000100000000)
  eden space 117760K, 41% used [0x00000000e0000000,0x00000000e30038c0,0x00000000e7300000)
  from space 16384K, 99% used [0x00000000e8700000,0x00000000e96f8088,0x00000000e9700000)
  to   space 20480K, 0% used [0x00000000e7300000,0x00000000e7300000,0x00000000e8700000)
 ParOldGen       total 94208K, used 24912K [0x00000000a0000000, 0x00000000a5c00000, 0x00000000e0000000)
  object space 94208K, 26% used [0x00000000a0000000,0x00000000a1854028,0x00000000a5c00000)
 Metaspace       used 57437K, capacity 58892K, committed 59008K, reserved 1099776K
  class space    used 7832K, capacity 8263K, committed 8320K, reserved 1048576K
Event: 13.389 GC heap after
Heap after GC invocations=15 (full 2):
 PSYoungGen      total 138240K, used 14252K [0x00000000e0000000, 0x00000000eb900000, 0x0000000100000000)
  eden space 117760K, 0% used [0x00000000e0000000,0x00000000e0000000,0x00000000e7300000)
  from space 20480K, 69% used [0x00000000e7300000,0x00000000e80eb0e8,0x00000000e8700000)
  to   space 21504K, 0% used [0x00000000ea400000,0x00000000ea400000,0x00000000eb900000)
 ParOldGen       total 94208K, used 31522K [0x00000000a0000000, 0x00000000a5c00000, 0x00000000e0000000)
  object space 94208K, 33% used [0x00000000a0000000,0x00000000a1ec89c0,0x00000000a5c00000)
 Metaspace       used 57437K, capacity 58892K, committed 59008K, reserved 1099776K
  class space    used 7832K, capacity 8263K, committed 8320K, reserved 1048576K
}
Event: 13.389 GC heap before
{Heap before GC invocations=16 (full 3):
 PSYoungGen      total 138240K, used 14252K [0x00000000e0000000, 0x00000000eb900000, 0x0000000100000000)
  eden space 117760K, 0% used [0x00000000e0000000,0x00000000e0000000,0x00000000e7300000)
  from space 20480K, 69% used [0x00000000e7300000,0x00000000e80eb0e8,0x00000000e8700000)
  to   space 21504K, 0% used [0x00000000ea400000,0x00000000ea400000,0x00000000eb900000)
 ParOldGen       total 94208K, used 31522K [0x00000000a0000000, 0x00000000a5c00000, 0x00000000e0000000)
  object space 94208K, 33% used [0x00000000a0000000,0x00000000a1ec89c0,0x00000000a5c00000)
 Metaspace       used 57437K, capacity 58892K, committed 59008K, reserved 1099776K
  class space    used 7832K, capacity 8263K, committed 8320K, reserved 1048576K
Event: 13.625 GC heap after
Heap after GC invocations=16 (full 3):
 PSYoungGen      total 138240K, used 0K [0x00000000e0000000, 0x00000000eb900000, 0x0000000100000000)
  eden space 117760K, 0% used [0x00000000e0000000,0x00000000e0000000,0x00000000e7300000)
  from space 20480K, 0% used [0x00000000e7300000,0x00000000e7300000,0x00000000e8700000)
  to   space 21504K, 0% used [0x00000000ea400000,0x00000000ea400000,0x00000000eb900000)
 ParOldGen       total 94208K, used 35339K [0x00000000a0000000, 0x00000000a5c00000, 0x00000000e0000000)
  object space 94208K, 37% used [0x00000000a0000000,0x00000000a2282c38,0x00000000a5c00000)
 Metaspace       used 57437K, capacity 58892K, committed 59008K, reserved 1099776K
  class space    used 7832K, capacity 8263K, committed 8320K, reserved 1048576K
}
Event: 1064.848 GC heap before
{Heap before GC invocations=17 (full 3):
 PSYoungGen      total 138240K, used 117760K [0x00000000e0000000, 0x00000000eb900000, 0x0000000100000000)
  eden space 117760K, 100% used [0x00000000e0000000,0x00000000e7300000,0x00000000e7300000)
  from space 20480K, 0% used [0x00000000e7300000,0x00000000e7300000,0x00000000e8700000)
  to   space 21504K, 0% used [0x00000000ea400000,0x00000000ea400000,0x00000000eb900000)
 ParOldGen       total 94208K, used 35339K [0x00000000a0000000, 0x00000000a5c00000, 0x00000000e0000000)
  object space 94208K, 37% used [0x00000000a0000000,0x00000000a2282c38,0x00000000a5c00000)
 Metaspace       used 64289K, capacity 66264K, committed 66432K, reserved 1105920K
  class space    used 8460K, capacity 8973K, committed 9088K, reserved 1048576K
Event: 1064.863 GC heap after
Heap after GC invocations=17 (full 3):
 PSYoungGen      total 149504K, used 10143K [0x00000000e0000000, 0x00000000eaf00000, 0x0000000100000000)
  eden space 138240K, 0% used [0x00000000e0000000,0x00000000e0000000,0x00000000e8700000)
  from space 11264K, 90% used [0x00000000ea400000,0x00000000eade7cb0,0x00000000eaf00000)
  to   space 20480K, 0% used [0x00000000e8700000,0x00000000e8700000,0x00000000e9b00000)
 ParOldGen       total 94208K, used 35347K [0x00000000a0000000, 0x00000000a5c00000, 0x00000000e0000000)
  object space 94208K, 37% used [0x00000000a0000000,0x00000000a2284c38,0x00000000a5c00000)
 Metaspace       used 64289K, capacity 66264K, committed 66432K, reserved 1105920K
  class space    used 8460K, capacity 8973K, committed 9088K, reserved 1048576K
}
Event: 1072.557 GC heap before
{Heap before GC invocations=18 (full 3):
 PSYoungGen      total 149504K, used 148383K [0x00000000e0000000, 0x00000000eaf00000, 0x0000000100000000)
  eden space 138240K, 100% used [0x00000000e0000000,0x00000000e8700000,0x00000000e8700000)
  from space 11264K, 90% used [0x00000000ea400000,0x00000000eade7cb0,0x00000000eaf00000)
  to   space 20480K, 0% used [0x00000000e8700000,0x00000000e8700000,0x00000000e9b00000)
 ParOldGen       total 94208K, used 35347K [0x00000000a0000000, 0x00000000a5c00000, 0x00000000e0000000)
  object space 94208K, 37% used [0x00000000a0000000,0x00000000a2284c38,0x00000000a5c00000)
 Metaspace       used 71367K, capacity 73676K, committed 74112K, reserved 1114112K
  class space    used 9449K, capacity 9987K, committed 10112K, reserved 1048576K
Event: 1072.587 GC heap after
Heap after GC invocations=18 (full 3):
 PSYoungGen      total 151040K, used 16264K [0x00000000e0000000, 0x00000000ead80000, 0x0000000100000000)
  eden space 134656K, 0% used [0x00000000e0000000,0x00000000e0000000,0x00000000e8380000)
  from space 16384K, 99% used [0x00000000e8700000,0x00000000e96e2098,0x00000000e9700000)
  to   space 21504K, 0% used [0x00000000e9880000,0x00000000e9880000,0x00000000ead80000)
 ParOldGen       total 94208K, used 35355K [0x00000000a0000000, 0x00000000a5c00000, 0x00000000e0000000)
  object space 94208K, 37% used [0x00000000a0000000,0x00000000a2286c38,0x00000000a5c00000)
 Metaspace       used 71367K, capacity 73676K, committed 74112K, reserved 1114112K
  class space    used 9449K, capacity 9987K, committed 10112K, reserved 1048576K
}

